<?xml version="1.0" encoding="UTF-8"?>
<testsuite xmlns:xsi="http://www.w3.org/2001/XMLSchema-instance" xsi:noNamespaceSchemaLocation="https://maven.apache.org/surefire/maven-surefire-plugin/xsd/surefire-test-report.xsd" name="ru.tinkoff.edu.java.parser.parsers.LinkParserTest" time="0.032" tests="2" errors="0" skipped="0" failures="0">
  <properties>
[...]
</properties>
  <testcase name="validLinkParse" classname="ru.tinkoff.edu.java.parser.parsers.LinkParserTest" time="0.019"/>
  <testcase name="invalidLinkParse" classname="ru.tinkoff.edu.java.parser.parsers.LinkParserTest" time="0"/>
</testsuite>