-------------------------------------------------------------------------------
Test set: ru.tinkoff.edu.java.scrapper.tests.repository.LinkRepositoryTest
-------------------------------------------------------------------------------
Tests run: 3, Failures: 0, Errors: 3, Skipped: 0, Time elapsed: 0.007 s <<< FAILURE! - in ru.tinkoff.edu.java.scrapper.tests.repository.LinkRepositoryTest
addTest  Time elapsed: 0 s  <<< ERROR!
java.lang.NoClassDefFoundError: Could not initialize class ru.tinkoff.edu.java.scrapper.abstracts.IntegrationEnvironment
Caused by: java.lang.ExceptionInInitializerError: Exception java.lang.IllegalStateException: Could not find a valid Docker environment. Please see logs and check configuration [in thread "main"]

findAllTest  Time elapsed: 0.001 s  <<< ERROR!
java.lang.NoClassDefFoundError: Could not initialize class ru.tinkoff.edu.java.scrapper.tests.repository.LinkRepositoryTest
Caused by: java.lang.ExceptionInInitializerError: Exception java.lang.NoClassDefFoundError: Could not initialize class ru.tinkoff.edu.java.scrapper.abstracts.IntegrationEnvironment [in thread "main"]

removeTest  Time elapsed: 0 s  <<< ERROR!
java.lang.NoClassDefFoundError: Could not initialize class ru.tinkoff.edu.java.scrapper.tests.repository.LinkRepositoryTest
Caused by: java.lang.ExceptionInInitializerError: Exception java.lang.NoClassDefFoundError: Could not initialize class ru.tinkoff.edu.java.scrapper.abstracts.IntegrationEnvironment [in thread "main"]

