-------------------------------------------------------------------------------
Test set: ru.tinkoff.edu.java.scrapper.tests.repository.Entity.TgEntityTest
-------------------------------------------------------------------------------
Tests run: 1, Failures: 0, Errors: 1, Skipped: 0, Time elapsed: 0.001 s <<< FAILURE! - in ru.tinkoff.edu.java.scrapper.tests.repository.Entity.TgEntityTest
insertTgChat  Time elapsed: 0 s  <<< ERROR!
java.lang.NoClassDefFoundError: Could not initialize class ru.tinkoff.edu.java.scrapper.abstracts.IntegrationEnvironment
Caused by: java.lang.ExceptionInInitializerError: Exception java.lang.IllegalStateException: Could not find a valid Docker environment. Please see logs and check configuration [in thread "main"]

