-------------------------------------------------------------------------------
Test set: ru.tinkoff.edu.java.scrapper.tests.repository.Entity.ChatLinkEntityTest
-------------------------------------------------------------------------------
Tests run: 2, Failures: 0, Errors: 2, Skipped: 0, Time elapsed: 0.225 s <<< FAILURE! - in ru.tinkoff.edu.java.scrapper.tests.repository.Entity.ChatLinkEntityTest
getLinksByTgChatId  Time elapsed: 0 s  <<< ERROR!
java.lang.NoClassDefFoundError: Could not initialize class ru.tinkoff.edu.java.scrapper.abstracts.IntegrationEnvironment
Caused by: java.lang.ExceptionInInitializerError: Exception java.lang.IllegalStateException: Could not find a valid Docker environment. Please see logs and check configuration [in thread "main"]

getTgChatsByLinkId  Time elapsed: 0 s  <<< ERROR!
java.lang.NoClassDefFoundError: Could not initialize class ru.tinkoff.edu.java.scrapper.tests.repository.Entity.ChatLinkEntityTest
Caused by: java.lang.ExceptionInInitializerError: Exception java.lang.NoClassDefFoundError: Could not initialize class ru.tinkoff.edu.java.scrapper.abstracts.IntegrationEnvironment [in thread "main"]

