<?xml version="1.0" encoding="UTF-8"?>
<testsuite xmlns:xsi="http://www.w3.org/2001/XMLSchema-instance" xsi:noNamespaceSchemaLocation="https://maven.apache.org/surefire/maven-surefire-plugin/xsd/surefire-test-report.xsd" name="ru.tinkoff.edu.java.scrapper.tests.repository.Entity.TgEntityTest" time="0.001" tests="1" errors="1" skipped="0" failures="0">
  <properties>
[...]
</properties>
  <testcase name="insertTgChat" classname="ru.tinkoff.edu.java.scrapper.tests.repository.Entity.TgEntityTest" time="0">
    <error message="Could not initialize class ru.tinkoff.edu.java.scrapper.abstracts.IntegrationEnvironment" type="java.lang.NoClassDefFoundError">java.lang.NoClassDefFoundError: Could not initialize class ru.tinkoff.edu.java.scrapper.abstracts.IntegrationEnvironment
Caused by: java.lang.ExceptionInInitializerError: Exception java.lang.IllegalStateException: Could not find a valid Docker environment. Please see logs and check configuration [in thread "main"]
</error>
    <system-out><![CDATA[08:50:49.334 [main] DEBUG org.springframework.boot.test.context.SpringBootTestContextBootstrapper - Neither @ContextConfiguration nor @ContextHierarchy found for test class [TgEntityTest]: using SpringBootContextLoader
08:50:49.335 [main] DEBUG org.springframework.test.context.support.AbstractContextLoader - Could not detect default resource locations for test class [ru.tinkoff.edu.java.scrapper.tests.repository.Entity.TgEntityTest]: no resource found for suffixes {-context.xml, Context.groovy}.
08:50:49.335 [main] INFO org.springframework.test.context.support.AnnotationConfigContextLoaderUtils - Could not detect default configuration classes for test class [ru.tinkoff.edu.java.scrapper.tests.repository.Entity.TgEntityTest]: TgEntityTest does not declare any static, non-private, non-final, nested classes annotated with @Configuration.
08:50:49.337 [main] DEBUG org.springframework.boot.test.context.SpringBootTestContextBootstrapper - Using ContextCustomizers for test class [TgEntityTest]: [ExcludeFilterContextCustomizer, DuplicateJsonObjectContextCustomizer, MockitoContextCustomizer, TestRestTemplateContextCustomizer, WebTestClientContextCustomizer, DisableObservabilityContextCustomizer, PropertyMappingContextCustomizer, Customizer, DynamicPropertiesContextCustomizer]
08:50:49.337 [main] INFO org.springframework.boot.test.context.SpringBootTestContextBootstrapper - Found @SpringBootConfiguration ru.tinkoff.edu.java.scrapper.ScrapperApplication for test class ru.tinkoff.edu.java.scrapper.tests.repository.Entity.TgEntityTest
08:50:49.338 [main] DEBUG org.springframework.boot.test.context.SpringBootTestContextBootstrapper - Using TestExecutionListeners for test class [TgEntityTest]: [ServletTestExecutionListener, DirtiesContextBeforeModesTestExecutionListener, ApplicationEventsTestExecutionListener, MockitoTestExecutionListener, DependencyInjectionTestExecutionListener, DirtiesContextTestExecutionListener, TransactionalTestExecutionListener, SqlScriptsTestExecutionListener, EventPublishingTestExecutionListener, ResetMocksTestExecutionListener, RestDocsTestExecutionListener, MockRestServiceServerResetTestExecutionListener, MockMvcPrintOnlyOnFailureTestExecutionListener, WebDriverTestExecutionListener, MockWebServiceServerTestExecutionListener]
08:50:49.338 [main] DEBUG org.springframework.test.context.support.AbstractDirtiesContextTestExecutionListener - Before test class: class [TgEntityTest], class annotated with @DirtiesContext [false] with mode [null]
]]></system-out>
  </testcase>
</testsuite>